Traceback (most recent call last):
  File "/home/runner/work/LearnOpenUSD/LearnOpenUSD/.venv/lib/python3.12/site-packages/jupyter_core/utils/__init__.py", line 154, in wrapped
    asyncio.get_running_loop()
RuntimeError: no running event loop

During handling of the above exception, another exception occurred:

Traceback (most recent call last):
  File "/home/runner/work/LearnOpenUSD/LearnOpenUSD/.venv/lib/python3.12/site-packages/jupyter_cache/executors/utils.py", line 58, in single_nb_execution
    executenb(
  File "/home/runner/work/LearnOpenUSD/LearnOpenUSD/.venv/lib/python3.12/site-packages/nbclient/client.py", line 1319, in execute
    return NotebookClient(nb=nb, resources=resources, km=km, **kwargs).execute()
           ^^^^^^^^^^^^^^^^^^^^^^^^^^^^^^^^^^^^^^^^^^^^^^^^^^^^^^^^^^^^^^^^^^^^^
  File "/home/runner/work/LearnOpenUSD/LearnOpenUSD/.venv/lib/python3.12/site-packages/jupyter_core/utils/__init__.py", line 158, in wrapped
    return loop.run_until_complete(inner)
           ^^^^^^^^^^^^^^^^^^^^^^^^^^^^^^
  File "/opt/hostedtoolcache/Python/3.12.11/x64/lib/python3.12/asyncio/base_events.py", line 691, in run_until_complete
    return future.result()
           ^^^^^^^^^^^^^^^
  File "/home/runner/work/LearnOpenUSD/LearnOpenUSD/.venv/lib/python3.12/site-packages/nbclient/client.py", line 709, in async_execute
    await self.async_execute_cell(
  File "/home/runner/work/LearnOpenUSD/LearnOpenUSD/.venv/lib/python3.12/site-packages/nbclient/client.py", line 1062, in async_execute_cell
    await self._check_raise_for_error(cell, cell_index, exec_reply)
  File "/home/runner/work/LearnOpenUSD/LearnOpenUSD/.venv/lib/python3.12/site-packages/nbclient/client.py", line 918, in _check_raise_for_error
    raise CellExecutionError.from_cell_and_msg(cell, exec_reply_content)
nbclient.exceptions.CellExecutionError: An error occurred while executing the following cell:
------------------
from pxr import Usd, UsdGeom

file_path = "assets/second_stage.usda"
stage: Usd.Stage = Usd.Stage.CreateNew(file_path)

# ADD CODE BELOW HERE
# vvvvvvvvvvvvvvvvvvv

# Get the Cube prim at path: `/Geometry/GroupTransform/Box`:
cube: UsdGeom.Cube = UsdGeom.Cube(stage.GetPrimAtPath("/Geometry/GroupTransform/Box"))
# Get all attribute names associated with Cube:
cube_attrs = cube.GetSchemaAttributeNames()
# Print out all the attribute names for Cube:
for attr in cube_attrs:
    print(attr)
# Get the Attribute for "Display Color":
cube_color_attr: Usd.Attribute = cube.GetDisplayColorAttr()
# Set the "Display Color" attribute to red:
cube_color_attr.Set([(1.0, 0.0, 0.0)])

# ^^^^^^^^^^^^^^^^^^^^
# ADD CODE ABOVE HERE

stage.Save()
------------------

----- stdout -----
visibility
purpose
xformOpOrder
extent
primvars:displayColor
primvars:displayOpacity
doubleSided
orientation
size
extent
------------------

[31m---------------------------------------------------------------------------[39m
[31mRuntimeError[39m                              Traceback (most recent call last)
[36mCell[39m[36m [39m[32mIn[2][39m[32m, line 17[39m
[32m     15[39m     [38;5;28mprint[39m(attr)
[32m     16[39m [38;5;66;03m# Get the Attribute for "Display Color":[39;00m
[32m---> [39m[32m17[39m cube_color_attr: Usd.Attribute = [43mcube[49m[43m.[49m[43mGetDisplayColorAttr[49m()
[32m     18[39m [38;5;66;03m# Set the "Display Color" attribute to red:[39;00m
[32m     19[39m cube_color_attr.Set([([32m1.0[39m, [32m0.0[39m, [32m0.0[39m)])

[31mRuntimeError[39m: Accessed schema on invalid prim

